{"/home/erno/Hacktiv8/FInalProjek/final-project-team3-rmt20/server/main/app.js": {"path":"/home/erno/Hacktiv8/FInalProjek/final-project-team3-rmt20/server/main/app.js","statementMap":{"0":{"start":{"line":3,"column":0},"end":{"line":3,"column":27}},"1":{"start":{"line":5,"column":16},"end":{"line":5,"column":34}},"2":{"start":{"line":6,"column":12},"end":{"line":6,"column":21}},"3":{"start":{"line":7,"column":13},"end":{"line":7,"column":28}},"4":{"start":{"line":8,"column":15},"end":{"line":8,"column":35}},"5":{"start":{"line":9,"column":21},"end":{"line":9,"column":58}},"6":{"start":{"line":10,"column":13},"end":{"line":10,"column":17}},"7":{"start":{"line":11,"column":0},"end":{"line":11,"column":48}},"8":{"start":{"line":12,"column":0},"end":{"line":12,"column":24}},"9":{"start":{"line":13,"column":0},"end":{"line":13,"column":16}},"10":{"start":{"line":15,"column":0},"end":{"line":15,"column":16}},"11":{"start":{"line":16,"column":0},"end":{"line":16,"column":22}},"12":{"start":{"line":21,"column":0},"end":{"line":21,"column":21}}},"fnMap":{},"branchMap":{},"s":{"0":3,"1":3,"2":3,"3":3,"4":3,"5":3,"6":3,"7":3,"8":3,"9":3,"10":3,"11":3,"12":3},"f":{},"b":{},"_coverageSchema":"1a1c01bbd47fc00a2c39e90264f33305004495a9","hash":"7fe3c9311b144982196d38173f5904777200e518"}
,"/home/erno/Hacktiv8/FInalProjek/final-project-team3-rmt20/server/main/controllers/authControllers.js": {"path":"/home/erno/Hacktiv8/FInalProjek/final-project-team3-rmt20/server/main/controllers/authControllers.js","statementMap":{"0":{"start":{"line":1,"column":17},"end":{"line":1,"column":37}},"1":{"start":{"line":2,"column":27},"end":{"line":2,"column":55}},"2":{"start":{"line":3,"column":22},"end":{"line":3,"column":47}},"3":{"start":{"line":6,"column":4},"end":{"line":6,"column":33}},"4":{"start":{"line":8,"column":30},"end":{"line":8,"column":38}},"5":{"start":{"line":9,"column":4},"end":{"line":9,"column":39}},"6":{"start":{"line":10,"column":4},"end":{"line":26,"column":5}},"7":{"start":{"line":11,"column":20},"end":{"line":14,"column":8}},"8":{"start":{"line":16,"column":6},"end":{"line":16,"column":85}},"9":{"start":{"line":25,"column":6},"end":{"line":25,"column":17}},"10":{"start":{"line":30,"column":30},"end":{"line":30,"column":38}},"11":{"start":{"line":32,"column":4},"end":{"line":68,"column":5}},"12":{"start":{"line":33,"column":23},"end":{"line":37,"column":8}},"13":{"start":{"line":38,"column":6},"end":{"line":44,"column":7}},"14":{"start":{"line":39,"column":8},"end":{"line":43,"column":9}},"15":{"start":{"line":46,"column":23},"end":{"line":46,"column":68}},"16":{"start":{"line":47,"column":6},"end":{"line":54,"column":7}},"17":{"start":{"line":48,"column":8},"end":{"line":52,"column":9}},"18":{"start":{"line":56,"column":20},"end":{"line":59,"column":7}},"19":{"start":{"line":60,"column":6},"end":{"line":60,"column":32}},"20":{"start":{"line":62,"column":25},"end":{"line":62,"column":43}},"21":{"start":{"line":63,"column":6},"end":{"line":63,"column":59}},"22":{"start":{"line":67,"column":6},"end":{"line":67,"column":17}},"23":{"start":{"line":72,"column":0},"end":{"line":72,"column":33}}},"fnMap":{"0":{"name":"(anonymous_0)","decl":{"start":{"line":5,"column":2},"end":{"line":5,"column":3}},"loc":{"start":{"line":5,"column":44},"end":{"line":27,"column":3}},"line":5},"1":{"name":"(anonymous_1)","decl":{"start":{"line":29,"column":2},"end":{"line":29,"column":3}},"loc":{"start":{"line":29,"column":41},"end":{"line":69,"column":3}},"line":29}},"branchMap":{"0":{"loc":{"start":{"line":38,"column":6},"end":{"line":44,"column":7}},"type":"if","locations":[{"start":{"line":38,"column":6},"end":{"line":44,"column":7}},{"start":{},"end":{}}],"line":38},"1":{"loc":{"start":{"line":47,"column":6},"end":{"line":54,"column":7}},"type":"if","locations":[{"start":{"line":47,"column":6},"end":{"line":54,"column":7}},{"start":{},"end":{}}],"line":47}},"s":{"0":3,"1":3,"2":3,"3":5,"4":5,"5":5,"6":5,"7":5,"8":1,"9":4,"10":3,"11":3,"12":3,"13":3,"14":1,"15":2,"16":2,"17":1,"18":1,"19":1,"20":1,"21":1,"22":2,"23":3},"f":{"0":5,"1":3},"b":{"0":[1,2],"1":[1,1]},"_coverageSchema":"1a1c01bbd47fc00a2c39e90264f33305004495a9","hash":"67e526f3954841439de7a2374c3e8b9eda4d8967"}
,"/home/erno/Hacktiv8/FInalProjek/final-project-team3-rmt20/server/main/controllers/eqReportControllers.js": {"path":"/home/erno/Hacktiv8/FInalProjek/final-project-team3-rmt20/server/main/controllers/eqReportControllers.js","statementMap":{"0":{"start":{"line":1,"column":52},"end":{"line":1,"column":72}},"1":{"start":{"line":5,"column":4},"end":{"line":28,"column":5}},"2":{"start":{"line":7,"column":40},"end":{"line":7,"column":49}},"3":{"start":{"line":8,"column":20},"end":{"line":13,"column":8}},"4":{"start":{"line":16,"column":22},"end":{"line":24,"column":8}},"5":{"start":{"line":25,"column":6},"end":{"line":25,"column":36}},"6":{"start":{"line":27,"column":6},"end":{"line":27,"column":16}},"7":{"start":{"line":32,"column":4},"end":{"line":69,"column":5}},"8":{"start":{"line":33,"column":149},"end":{"line":33,"column":157}},"9":{"start":{"line":34,"column":19},"end":{"line":34,"column":33}},"10":{"start":{"line":37,"column":22},"end":{"line":52,"column":8}},"11":{"start":{"line":54,"column":22},"end":{"line":61,"column":7}},"12":{"start":{"line":64,"column":21},"end":{"line":64,"column":59}},"13":{"start":{"line":66,"column":6},"end":{"line":66,"column":35}},"14":{"start":{"line":68,"column":6},"end":{"line":68,"column":16}},"15":{"start":{"line":73,"column":4},"end":{"line":87,"column":5}},"16":{"start":{"line":74,"column":21},"end":{"line":74,"column":31}},"17":{"start":{"line":75,"column":21},"end":{"line":75,"column":57}},"18":{"start":{"line":76,"column":6},"end":{"line":82,"column":7}},"19":{"start":{"line":77,"column":8},"end":{"line":81,"column":10}},"20":{"start":{"line":84,"column":6},"end":{"line":84,"column":35}},"21":{"start":{"line":86,"column":6},"end":{"line":86,"column":16}},"22":{"start":{"line":91,"column":4},"end":{"line":114,"column":5}},"23":{"start":{"line":92,"column":21},"end":{"line":92,"column":31}},"24":{"start":{"line":94,"column":21},"end":{"line":94,"column":57}},"25":{"start":{"line":95,"column":6},"end":{"line":101,"column":7}},"26":{"start":{"line":96,"column":8},"end":{"line":100,"column":10}},"27":{"start":{"line":103,"column":6},"end":{"line":107,"column":9}},"28":{"start":{"line":109,"column":6},"end":{"line":111,"column":9}},"29":{"start":{"line":113,"column":6},"end":{"line":113,"column":16}},"30":{"start":{"line":118,"column":0},"end":{"line":118,"column":34}}},"fnMap":{"0":{"name":"(anonymous_0)","decl":{"start":{"line":4,"column":2},"end":{"line":4,"column":3}},"loc":{"start":{"line":4,"column":51},"end":{"line":29,"column":3}},"line":4},"1":{"name":"(anonymous_1)","decl":{"start":{"line":31,"column":2},"end":{"line":31,"column":3}},"loc":{"start":{"line":31,"column":44},"end":{"line":70,"column":3}},"line":31},"2":{"name":"(anonymous_2)","decl":{"start":{"line":72,"column":2},"end":{"line":72,"column":3}},"loc":{"start":{"line":72,"column":52},"end":{"line":88,"column":3}},"line":72},"3":{"name":"(anonymous_3)","decl":{"start":{"line":90,"column":2},"end":{"line":90,"column":3}},"loc":{"start":{"line":90,"column":44},"end":{"line":115,"column":3}},"line":90}},"branchMap":{"0":{"loc":{"start":{"line":76,"column":6},"end":{"line":82,"column":7}},"type":"if","locations":[{"start":{"line":76,"column":6},"end":{"line":82,"column":7}},{"start":{},"end":{}}],"line":76},"1":{"loc":{"start":{"line":95,"column":6},"end":{"line":101,"column":7}},"type":"if","locations":[{"start":{"line":95,"column":6},"end":{"line":101,"column":7}},{"start":{},"end":{}}],"line":95}},"s":{"0":3,"1":1,"2":1,"3":1,"4":1,"5":1,"6":0,"7":4,"8":4,"9":4,"10":4,"11":3,"12":3,"13":0,"14":4,"15":2,"16":2,"17":2,"18":2,"19":1,"20":1,"21":1,"22":2,"23":2,"24":2,"25":2,"26":1,"27":1,"28":1,"29":1,"30":3},"f":{"0":1,"1":4,"2":2,"3":2},"b":{"0":[1,1],"1":[1,1]},"_coverageSchema":"1a1c01bbd47fc00a2c39e90264f33305004495a9","hash":"e6dc33d24bd60cf0c15949ce70ed6f89186850c3"}
,"/home/erno/Hacktiv8/FInalProjek/final-project-team3-rmt20/server/main/controllers/eventControllers.js": {"path":"/home/erno/Hacktiv8/FInalProjek/final-project-team3-rmt20/server/main/controllers/eventControllers.js","statementMap":{"0":{"start":{"line":1,"column":14},"end":{"line":1,"column":30}},"1":{"start":{"line":2,"column":46},"end":{"line":2,"column":66}},"2":{"start":{"line":6,"column":4},"end":{"line":13,"column":5}},"3":{"start":{"line":7,"column":34},"end":{"line":7,"column":42}},"4":{"start":{"line":9,"column":25},"end":{"line":9,"column":70}},"5":{"start":{"line":10,"column":6},"end":{"line":10,"column":39}},"6":{"start":{"line":12,"column":6},"end":{"line":12,"column":16}},"7":{"start":{"line":16,"column":4},"end":{"line":39,"column":5}},"8":{"start":{"line":17,"column":21},"end":{"line":17,"column":31}},"9":{"start":{"line":18,"column":21},"end":{"line":18,"column":56}},"10":{"start":{"line":20,"column":6},"end":{"line":26,"column":7}},"11":{"start":{"line":21,"column":8},"end":{"line":25,"column":10}},"12":{"start":{"line":27,"column":22},"end":{"line":31,"column":8}},"13":{"start":{"line":33,"column":6},"end":{"line":36,"column":9}},"14":{"start":{"line":38,"column":6},"end":{"line":38,"column":16}},"15":{"start":{"line":43,"column":0},"end":{"line":43,"column":33}}},"fnMap":{"0":{"name":"(anonymous_0)","decl":{"start":{"line":5,"column":2},"end":{"line":5,"column":3}},"loc":{"start":{"line":5,"column":45},"end":{"line":14,"column":3}},"line":5},"1":{"name":"(anonymous_1)","decl":{"start":{"line":15,"column":2},"end":{"line":15,"column":3}},"loc":{"start":{"line":15,"column":40},"end":{"line":40,"column":3}},"line":15}},"branchMap":{"0":{"loc":{"start":{"line":20,"column":6},"end":{"line":26,"column":7}},"type":"if","locations":[{"start":{"line":20,"column":6},"end":{"line":26,"column":7}},{"start":{},"end":{}}],"line":20}},"s":{"0":3,"1":3,"2":10,"3":10,"4":10,"5":1,"6":9,"7":4,"8":4,"9":4,"10":4,"11":1,"12":3,"13":3,"14":1,"15":3},"f":{"0":10,"1":4},"b":{"0":[1,3]},"_coverageSchema":"1a1c01bbd47fc00a2c39e90264f33305004495a9","hash":"a4453b7d7554abfc8b8006a49db0d957dff11bc8"}
,"/home/erno/Hacktiv8/FInalProjek/final-project-team3-rmt20/server/main/controllers/weatherReportsControllers.js": {"path":"/home/erno/Hacktiv8/FInalProjek/final-project-team3-rmt20/server/main/controllers/weatherReportsControllers.js","statementMap":{"0":{"start":{"line":1,"column":32},"end":{"line":1,"column":52}},"1":{"start":{"line":2,"column":15},"end":{"line":2,"column":35}},"2":{"start":{"line":6,"column":20},"end":{"line":6,"column":30}},"3":{"start":{"line":7,"column":4},"end":{"line":7,"column":47}},"4":{"start":{"line":8,"column":18},"end":{"line":8,"column":28}},"5":{"start":{"line":9,"column":4},"end":{"line":9,"column":43}},"6":{"start":{"line":11,"column":4},"end":{"line":32,"column":5}},"7":{"start":{"line":12,"column":29},"end":{"line":24,"column":8}},"8":{"start":{"line":29,"column":6},"end":{"line":29,"column":45}},"9":{"start":{"line":31,"column":6},"end":{"line":31,"column":17}},"10":{"start":{"line":36,"column":4},"end":{"line":36,"column":42}},"11":{"start":{"line":37,"column":17},"end":{"line":37,"column":27}},"12":{"start":{"line":38,"column":4},"end":{"line":63,"column":5}},"13":{"start":{"line":39,"column":29},"end":{"line":49,"column":8}},"14":{"start":{"line":51,"column":6},"end":{"line":58,"column":7}},"15":{"start":{"line":52,"column":8},"end":{"line":56,"column":9}},"16":{"start":{"line":60,"column":6},"end":{"line":60,"column":45}},"17":{"start":{"line":62,"column":6},"end":{"line":62,"column":17}},"18":{"start":{"line":68,"column":17},"end":{"line":68,"column":31}},"19":{"start":{"line":69,"column":144},"end":{"line":69,"column":152}},"20":{"start":{"line":72,"column":4},"end":{"line":92,"column":5}},"21":{"start":{"line":73,"column":6},"end":{"line":87,"column":9}},"22":{"start":{"line":89,"column":6},"end":{"line":89,"column":73}},"23":{"start":{"line":91,"column":6},"end":{"line":91,"column":17}},"24":{"start":{"line":96,"column":0},"end":{"line":96,"column":34}}},"fnMap":{"0":{"name":"(anonymous_0)","decl":{"start":{"line":4,"column":2},"end":{"line":4,"column":3}},"loc":{"start":{"line":4,"column":51},"end":{"line":33,"column":3}},"line":4},"1":{"name":"(anonymous_1)","decl":{"start":{"line":35,"column":2},"end":{"line":35,"column":3}},"loc":{"start":{"line":35,"column":51},"end":{"line":64,"column":3}},"line":35},"2":{"name":"(anonymous_2)","decl":{"start":{"line":66,"column":2},"end":{"line":66,"column":3}},"loc":{"start":{"line":66,"column":49},"end":{"line":93,"column":3}},"line":66}},"branchMap":{"0":{"loc":{"start":{"line":51,"column":6},"end":{"line":58,"column":7}},"type":"if","locations":[{"start":{"line":51,"column":6},"end":{"line":58,"column":7}},{"start":{},"end":{}}],"line":51}},"s":{"0":3,"1":3,"2":1,"3":1,"4":1,"5":1,"6":1,"7":1,"8":1,"9":0,"10":2,"11":2,"12":2,"13":2,"14":2,"15":1,"16":1,"17":1,"18":12,"19":12,"20":12,"21":12,"22":1,"23":11,"24":3},"f":{"0":1,"1":2,"2":12},"b":{"0":[1,1]},"_coverageSchema":"1a1c01bbd47fc00a2c39e90264f33305004495a9","hash":"5036eca14f8c8d4dd7b61ba66714d15df1e0a234"}
,"/home/erno/Hacktiv8/FInalProjek/final-project-team3-rmt20/server/main/helpers/bcrypt.js": {"path":"/home/erno/Hacktiv8/FInalProjek/final-project-team3-rmt20/server/main/helpers/bcrypt.js","statementMap":{"0":{"start":{"line":1,"column":13},"end":{"line":1,"column":32}},"1":{"start":{"line":4,"column":2},"end":{"line":4,"column":38}},"2":{"start":{"line":8,"column":2},"end":{"line":8,"column":53}},"3":{"start":{"line":11,"column":0},"end":{"line":14,"column":1}}},"fnMap":{"0":{"name":"hashPassword","decl":{"start":{"line":3,"column":9},"end":{"line":3,"column":21}},"loc":{"start":{"line":3,"column":31},"end":{"line":5,"column":1}},"line":3},"1":{"name":"verifyPassword","decl":{"start":{"line":7,"column":9},"end":{"line":7,"column":23}},"loc":{"start":{"line":7,"column":48},"end":{"line":9,"column":1}},"line":7}},"branchMap":{},"s":{"0":3,"1":4,"2":2,"3":3},"f":{"0":4,"1":2},"b":{},"_coverageSchema":"1a1c01bbd47fc00a2c39e90264f33305004495a9","hash":"e6971f4207da2d9a3f240e66e688e05b12bfbbdc"}
,"/home/erno/Hacktiv8/FInalProjek/final-project-team3-rmt20/server/main/helpers/jwt.js": {"path":"/home/erno/Hacktiv8/FInalProjek/final-project-team3-rmt20/server/main/helpers/jwt.js","statementMap":{"0":{"start":{"line":1,"column":12},"end":{"line":1,"column":35}},"1":{"start":{"line":2,"column":19},"end":{"line":2,"column":41}},"2":{"start":{"line":5,"column":2},"end":{"line":5,"column":39}},"3":{"start":{"line":9,"column":2},"end":{"line":9,"column":46}},"4":{"start":{"line":12,"column":0},"end":{"line":15,"column":2}}},"fnMap":{"0":{"name":"signToken","decl":{"start":{"line":4,"column":9},"end":{"line":4,"column":18}},"loc":{"start":{"line":4,"column":28},"end":{"line":6,"column":1}},"line":4},"1":{"name":"verifyToken","decl":{"start":{"line":8,"column":9},"end":{"line":8,"column":20}},"loc":{"start":{"line":8,"column":35},"end":{"line":10,"column":1}},"line":8}},"branchMap":{},"s":{"0":3,"1":3,"2":3,"3":21,"4":3},"f":{"0":3,"1":21},"b":{},"_coverageSchema":"1a1c01bbd47fc00a2c39e90264f33305004495a9","hash":"a497fb5db7a1054dffe70ea89ef94198d4393bae"}
,"/home/erno/Hacktiv8/FInalProjek/final-project-team3-rmt20/server/main/middlewares/authn.js": {"path":"/home/erno/Hacktiv8/FInalProjek/final-project-team3-rmt20/server/main/middlewares/authn.js","statementMap":{"0":{"start":{"line":1,"column":22},"end":{"line":1,"column":47}},"1":{"start":{"line":3,"column":15},"end":{"line":3,"column":35}},"2":{"start":{"line":6,"column":23},"end":{"line":6,"column":34}},"3":{"start":{"line":8,"column":2},"end":{"line":50,"column":3}},"4":{"start":{"line":9,"column":4},"end":{"line":18,"column":5}},"5":{"start":{"line":12,"column":6},"end":{"line":17,"column":7}},"6":{"start":{"line":20,"column":18},"end":{"line":20,"column":43}},"7":{"start":{"line":21,"column":22},"end":{"line":21,"column":29}},"8":{"start":{"line":23,"column":21},"end":{"line":23,"column":44}},"9":{"start":{"line":25,"column":4},"end":{"line":32,"column":5}},"10":{"start":{"line":26,"column":6},"end":{"line":31,"column":7}},"11":{"start":{"line":34,"column":4},"end":{"line":37,"column":5}},"12":{"start":{"line":39,"column":4},"end":{"line":39,"column":10}},"13":{"start":{"line":49,"column":4},"end":{"line":49,"column":15}},"14":{"start":{"line":53,"column":0},"end":{"line":53,"column":22}}},"fnMap":{"0":{"name":"authn","decl":{"start":{"line":5,"column":15},"end":{"line":5,"column":20}},"loc":{"start":{"line":5,"column":36},"end":{"line":51,"column":1}},"line":5}},"branchMap":{"0":{"loc":{"start":{"line":9,"column":4},"end":{"line":18,"column":5}},"type":"if","locations":[{"start":{"line":9,"column":4},"end":{"line":18,"column":5}},{"start":{},"end":{}}],"line":9},"1":{"loc":{"start":{"line":25,"column":4},"end":{"line":32,"column":5}},"type":"if","locations":[{"start":{"line":25,"column":4},"end":{"line":32,"column":5}},{"start":{},"end":{}}],"line":25}},"s":{"0":3,"1":3,"2":23,"3":23,"4":23,"5":2,"6":21,"7":19,"8":19,"9":19,"10":1,"11":18,"12":18,"13":5,"14":3},"f":{"0":23},"b":{"0":[2,21],"1":[1,18]},"_coverageSchema":"1a1c01bbd47fc00a2c39e90264f33305004495a9","hash":"d5a30e10cc365766645642093305be84a8a5c67f"}
,"/home/erno/Hacktiv8/FInalProjek/final-project-team3-rmt20/server/main/middlewares/errorHandler.js": {"path":"/home/erno/Hacktiv8/FInalProjek/final-project-team3-rmt20/server/main/middlewares/errorHandler.js","statementMap":{"0":{"start":{"line":2,"column":2},"end":{"line":31,"column":3}},"1":{"start":{"line":4,"column":35},"end":{"line":4,"column":67}},"2":{"start":{"line":4,"column":57},"end":{"line":4,"column":66}},"3":{"start":{"line":5,"column":6},"end":{"line":5,"column":65}},"4":{"start":{"line":6,"column":6},"end":{"line":6,"column":12}},"5":{"start":{"line":8,"column":6},"end":{"line":10,"column":9}},"6":{"start":{"line":11,"column":6},"end":{"line":11,"column":12}},"7":{"start":{"line":13,"column":25},"end":{"line":13,"column":57}},"8":{"start":{"line":13,"column":47},"end":{"line":13,"column":56}},"9":{"start":{"line":14,"column":6},"end":{"line":14,"column":55}},"10":{"start":{"line":15,"column":6},"end":{"line":15,"column":12}},"11":{"start":{"line":17,"column":6},"end":{"line":19,"column":9}},"12":{"start":{"line":20,"column":6},"end":{"line":20,"column":12}},"13":{"start":{"line":22,"column":6},"end":{"line":24,"column":9}},"14":{"start":{"line":25,"column":6},"end":{"line":25,"column":12}},"15":{"start":{"line":27,"column":6},"end":{"line":29,"column":9}},"16":{"start":{"line":30,"column":6},"end":{"line":30,"column":12}},"17":{"start":{"line":34,"column":0},"end":{"line":34,"column":30}}},"fnMap":{"0":{"name":"errorHandler","decl":{"start":{"line":1,"column":9},"end":{"line":1,"column":21}},"loc":{"start":{"line":1,"column":43},"end":{"line":32,"column":1}},"line":1},"1":{"name":"(anonymous_1)","decl":{"start":{"line":4,"column":50},"end":{"line":4,"column":51}},"loc":{"start":{"line":4,"column":57},"end":{"line":4,"column":66}},"line":4},"2":{"name":"(anonymous_2)","decl":{"start":{"line":13,"column":40},"end":{"line":13,"column":41}},"loc":{"start":{"line":13,"column":47},"end":{"line":13,"column":56}},"line":13}},"branchMap":{"0":{"loc":{"start":{"line":2,"column":2},"end":{"line":31,"column":3}},"type":"switch","locations":[{"start":{"line":3,"column":4},"end":{"line":6,"column":12}},{"start":{"line":7,"column":4},"end":{"line":11,"column":12}},{"start":{"line":12,"column":4},"end":{"line":15,"column":12}},{"start":{"line":16,"column":4},"end":{"line":20,"column":12}},{"start":{"line":21,"column":4},"end":{"line":25,"column":12}},{"start":{"line":26,"column":4},"end":{"line":30,"column":12}}],"line":2}},"s":{"0":39,"1":26,"2":26,"3":26,"4":26,"5":2,"6":2,"7":1,"8":1,"9":1,"10":1,"11":4,"12":4,"13":5,"14":5,"15":1,"16":1,"17":3},"f":{"0":39,"1":26,"2":1},"b":{"0":[26,2,1,4,5,1]},"_coverageSchema":"1a1c01bbd47fc00a2c39e90264f33305004495a9","hash":"bbd3a8b82f302a482081adfdffc1a4643dc2408e"}
,"/home/erno/Hacktiv8/FInalProjek/final-project-team3-rmt20/server/main/models/earthquakeevent.js": {"path":"/home/erno/Hacktiv8/FInalProjek/final-project-team3-rmt20/server/main/models/earthquakeevent.js","statementMap":{"0":{"start":{"line":2,"column":18},"end":{"line":2,"column":38}},"1":{"start":{"line":3,"column":0},"end":{"line":135,"column":2}},"2":{"start":{"line":12,"column":6},"end":{"line":14,"column":9}},"3":{"start":{"line":17,"column":2},"end":{"line":133,"column":4}},"4":{"start":{"line":134,"column":2},"end":{"line":134,"column":25}}},"fnMap":{"0":{"name":"(anonymous_0)","decl":{"start":{"line":3,"column":17},"end":{"line":3,"column":18}},"loc":{"start":{"line":3,"column":43},"end":{"line":135,"column":1}},"line":3},"1":{"name":"(anonymous_1)","decl":{"start":{"line":10,"column":4},"end":{"line":10,"column":5}},"loc":{"start":{"line":10,"column":29},"end":{"line":15,"column":5}},"line":10}},"branchMap":{},"s":{"0":3,"1":3,"2":3,"3":3,"4":3},"f":{"0":3,"1":3},"b":{},"_coverageSchema":"1a1c01bbd47fc00a2c39e90264f33305004495a9","hash":"202c3e33309b681a8add8adbae9d6ea40ec38873"}
,"/home/erno/Hacktiv8/FInalProjek/final-project-team3-rmt20/server/main/models/earthquakereport.js": {"path":"/home/erno/Hacktiv8/FInalProjek/final-project-team3-rmt20/server/main/models/earthquakereport.js","statementMap":{"0":{"start":{"line":2,"column":18},"end":{"line":2,"column":38}},"1":{"start":{"line":3,"column":0},"end":{"line":95,"column":2}},"2":{"start":{"line":12,"column":6},"end":{"line":14,"column":9}},"3":{"start":{"line":15,"column":6},"end":{"line":15,"column":72}},"4":{"start":{"line":18,"column":2},"end":{"line":93,"column":4}},"5":{"start":{"line":94,"column":2},"end":{"line":94,"column":26}}},"fnMap":{"0":{"name":"(anonymous_0)","decl":{"start":{"line":3,"column":17},"end":{"line":3,"column":18}},"loc":{"start":{"line":3,"column":43},"end":{"line":95,"column":1}},"line":3},"1":{"name":"(anonymous_1)","decl":{"start":{"line":10,"column":4},"end":{"line":10,"column":5}},"loc":{"start":{"line":10,"column":29},"end":{"line":16,"column":5}},"line":10}},"branchMap":{},"s":{"0":3,"1":3,"2":3,"3":3,"4":3,"5":3},"f":{"0":3,"1":3},"b":{},"_coverageSchema":"1a1c01bbd47fc00a2c39e90264f33305004495a9","hash":"218a6204544d695f724eed52cdbbb4039a46e62d"}
,"/home/erno/Hacktiv8/FInalProjek/final-project-team3-rmt20/server/main/models/index.js": {"path":"/home/erno/Hacktiv8/FInalProjek/final-project-team3-rmt20/server/main/models/index.js","statementMap":{"0":{"start":{"line":3,"column":11},"end":{"line":3,"column":24}},"1":{"start":{"line":4,"column":13},"end":{"line":4,"column":28}},"2":{"start":{"line":5,"column":18},"end":{"line":5,"column":38}},"3":{"start":{"line":6,"column":17},"end":{"line":6,"column":42}},"4":{"start":{"line":7,"column":12},"end":{"line":7,"column":49}},"5":{"start":{"line":8,"column":15},"end":{"line":8,"column":65}},"6":{"start":{"line":9,"column":11},"end":{"line":9,"column":13}},"7":{"start":{"line":12,"column":0},"end":{"line":16,"column":1}},"8":{"start":{"line":13,"column":2},"end":{"line":13,"column":74}},"9":{"start":{"line":15,"column":2},"end":{"line":15,"column":87}},"10":{"start":{"line":18,"column":0},"end":{"line":26,"column":5}},"11":{"start":{"line":21,"column":4},"end":{"line":21,"column":90}},"12":{"start":{"line":24,"column":18},"end":{"line":24,"column":85}},"13":{"start":{"line":25,"column":4},"end":{"line":25,"column":27}},"14":{"start":{"line":28,"column":0},"end":{"line":32,"column":3}},"15":{"start":{"line":29,"column":2},"end":{"line":31,"column":3}},"16":{"start":{"line":30,"column":4},"end":{"line":30,"column":32}},"17":{"start":{"line":34,"column":0},"end":{"line":34,"column":25}},"18":{"start":{"line":35,"column":0},"end":{"line":35,"column":25}},"19":{"start":{"line":37,"column":0},"end":{"line":37,"column":20}}},"fnMap":{"0":{"name":"(anonymous_0)","decl":{"start":{"line":20,"column":10},"end":{"line":20,"column":11}},"loc":{"start":{"line":20,"column":18},"end":{"line":22,"column":3}},"line":20},"1":{"name":"(anonymous_1)","decl":{"start":{"line":23,"column":11},"end":{"line":23,"column":12}},"loc":{"start":{"line":23,"column":19},"end":{"line":26,"column":3}},"line":23},"2":{"name":"(anonymous_2)","decl":{"start":{"line":28,"column":24},"end":{"line":28,"column":25}},"loc":{"start":{"line":28,"column":37},"end":{"line":32,"column":1}},"line":28}},"branchMap":{"0":{"loc":{"start":{"line":7,"column":12},"end":{"line":7,"column":49}},"type":"binary-expr","locations":[{"start":{"line":7,"column":12},"end":{"line":7,"column":32}},{"start":{"line":7,"column":36},"end":{"line":7,"column":49}}],"line":7},"1":{"loc":{"start":{"line":12,"column":0},"end":{"line":16,"column":1}},"type":"if","locations":[{"start":{"line":12,"column":0},"end":{"line":16,"column":1}},{"start":{"line":14,"column":7},"end":{"line":16,"column":1}}],"line":12},"2":{"loc":{"start":{"line":21,"column":11},"end":{"line":21,"column":89}},"type":"binary-expr","locations":[{"start":{"line":21,"column":12},"end":{"line":21,"column":35}},{"start":{"line":21,"column":41},"end":{"line":21,"column":58}},{"start":{"line":21,"column":64},"end":{"line":21,"column":88}}],"line":21},"3":{"loc":{"start":{"line":29,"column":2},"end":{"line":31,"column":3}},"type":"if","locations":[{"start":{"line":29,"column":2},"end":{"line":31,"column":3}},{"start":{},"end":{}}],"line":29}},"s":{"0":3,"1":3,"2":3,"3":3,"4":3,"5":3,"6":3,"7":3,"8":0,"9":3,"10":3,"11":15,"12":12,"13":12,"14":3,"15":12,"16":12,"17":3,"18":3,"19":3},"f":{"0":15,"1":12,"2":12},"b":{"0":[3,0],"1":[0,3],"2":[15,15,12],"3":[12,0]},"_coverageSchema":"1a1c01bbd47fc00a2c39e90264f33305004495a9","hash":"72e6c06f08961c58b1e89b4a9b9d15054445b63a"}
,"/home/erno/Hacktiv8/FInalProjek/final-project-team3-rmt20/server/main/models/user.js": {"path":"/home/erno/Hacktiv8/FInalProjek/final-project-team3-rmt20/server/main/models/user.js","statementMap":{"0":{"start":{"line":2,"column":18},"end":{"line":2,"column":38}},"1":{"start":{"line":3,"column":25},"end":{"line":3,"column":53}},"2":{"start":{"line":4,"column":0},"end":{"line":62,"column":2}},"3":{"start":{"line":13,"column":6},"end":{"line":13,"column":67}},"4":{"start":{"line":14,"column":6},"end":{"line":14,"column":70}},"5":{"start":{"line":17,"column":2},"end":{"line":60,"column":4}},"6":{"start":{"line":54,"column":10},"end":{"line":54,"column":56}},"7":{"start":{"line":61,"column":2},"end":{"line":61,"column":14}}},"fnMap":{"0":{"name":"(anonymous_0)","decl":{"start":{"line":4,"column":17},"end":{"line":4,"column":18}},"loc":{"start":{"line":4,"column":43},"end":{"line":62,"column":1}},"line":4},"1":{"name":"(anonymous_1)","decl":{"start":{"line":11,"column":4},"end":{"line":11,"column":5}},"loc":{"start":{"line":11,"column":29},"end":{"line":15,"column":5}},"line":11},"2":{"name":"(anonymous_2)","decl":{"start":{"line":53,"column":22},"end":{"line":53,"column":23}},"loc":{"start":{"line":53,"column":33},"end":{"line":55,"column":9}},"line":53}},"branchMap":{},"s":{"0":3,"1":3,"2":3,"3":3,"4":3,"5":3,"6":4,"7":3},"f":{"0":3,"1":3,"2":4},"b":{},"_coverageSchema":"1a1c01bbd47fc00a2c39e90264f33305004495a9","hash":"92296e312169005291a58f8b8bff62e669881c2c"}
,"/home/erno/Hacktiv8/FInalProjek/final-project-team3-rmt20/server/main/models/weatherreport.js": {"path":"/home/erno/Hacktiv8/FInalProjek/final-project-team3-rmt20/server/main/models/weatherreport.js","statementMap":{"0":{"start":{"line":4,"column":4},"end":{"line":4,"column":24}},"1":{"start":{"line":5,"column":0},"end":{"line":168,"column":2}},"2":{"start":{"line":14,"column":6},"end":{"line":14,"column":66}},"3":{"start":{"line":17,"column":2},"end":{"line":166,"column":5}},"4":{"start":{"line":167,"column":2},"end":{"line":167,"column":23}}},"fnMap":{"0":{"name":"(anonymous_0)","decl":{"start":{"line":5,"column":17},"end":{"line":5,"column":18}},"loc":{"start":{"line":5,"column":43},"end":{"line":168,"column":1}},"line":5},"1":{"name":"(anonymous_1)","decl":{"start":{"line":12,"column":4},"end":{"line":12,"column":5}},"loc":{"start":{"line":12,"column":29},"end":{"line":15,"column":5}},"line":12}},"branchMap":{},"s":{"0":3,"1":3,"2":3,"3":3,"4":3},"f":{"0":3,"1":3},"b":{},"_coverageSchema":"1a1c01bbd47fc00a2c39e90264f33305004495a9","hash":"1406ef24978487dca4cdbafce1361dca94b3652d"}
,"/home/erno/Hacktiv8/FInalProjek/final-project-team3-rmt20/server/main/routers/events.js": {"path":"/home/erno/Hacktiv8/FInalProjek/final-project-team3-rmt20/server/main/routers/events.js","statementMap":{"0":{"start":{"line":1,"column":24},"end":{"line":1,"column":66}},"1":{"start":{"line":2,"column":15},"end":{"line":2,"column":42}},"2":{"start":{"line":4,"column":0},"end":{"line":4,"column":58}},"3":{"start":{"line":5,"column":0},"end":{"line":5,"column":56}},"4":{"start":{"line":7,"column":0},"end":{"line":7,"column":24}}},"fnMap":{},"branchMap":{},"s":{"0":3,"1":3,"2":3,"3":3,"4":3},"f":{},"b":{},"_coverageSchema":"1a1c01bbd47fc00a2c39e90264f33305004495a9","hash":"930537d9689d4a9aa463b684ec85f3d6f21c7c26"}
,"/home/erno/Hacktiv8/FInalProjek/final-project-team3-rmt20/server/main/routers/index.js": {"path":"/home/erno/Hacktiv8/FInalProjek/final-project-team3-rmt20/server/main/routers/index.js","statementMap":{"0":{"start":{"line":1,"column":16},"end":{"line":1,"column":34}},"1":{"start":{"line":2,"column":15},"end":{"line":2,"column":31}},"2":{"start":{"line":3,"column":14},"end":{"line":3,"column":45}},"3":{"start":{"line":4,"column":15},"end":{"line":4,"column":34}},"4":{"start":{"line":5,"column":18},"end":{"line":5,"column":36}},"5":{"start":{"line":6,"column":20},"end":{"line":6,"column":40}},"6":{"start":{"line":8,"column":0},"end":{"line":8,"column":30}},"7":{"start":{"line":10,"column":0},"end":{"line":10,"column":32}},"8":{"start":{"line":13,"column":0},"end":{"line":13,"column":36}},"9":{"start":{"line":15,"column":0},"end":{"line":15,"column":24}}},"fnMap":{},"branchMap":{},"s":{"0":3,"1":3,"2":3,"3":3,"4":3,"5":3,"6":3,"7":3,"8":3,"9":3},"f":{},"b":{},"_coverageSchema":"1a1c01bbd47fc00a2c39e90264f33305004495a9","hash":"77cf9848b834b7ce66d73b805695cbd21c45b331"}
,"/home/erno/Hacktiv8/FInalProjek/final-project-team3-rmt20/server/main/routers/reports.js": {"path":"/home/erno/Hacktiv8/FInalProjek/final-project-team3-rmt20/server/main/routers/reports.js","statementMap":{"0":{"start":{"line":1,"column":16},"end":{"line":1,"column":34}},"1":{"start":{"line":2,"column":15},"end":{"line":2,"column":31}},"2":{"start":{"line":3,"column":14},"end":{"line":3,"column":45}},"3":{"start":{"line":4,"column":32},"end":{"line":4,"column":83}},"4":{"start":{"line":5,"column":27},"end":{"line":5,"column":72}},"5":{"start":{"line":8,"column":0},"end":{"line":8,"column":69}},"6":{"start":{"line":10,"column":0},"end":{"line":10,"column":67}},"7":{"start":{"line":11,"column":0},"end":{"line":11,"column":72}},"8":{"start":{"line":14,"column":0},"end":{"line":14,"column":73}},"9":{"start":{"line":17,"column":0},"end":{"line":17,"column":18}},"10":{"start":{"line":20,"column":0},"end":{"line":20,"column":68}},"11":{"start":{"line":22,"column":0},"end":{"line":22,"column":61}},"12":{"start":{"line":23,"column":0},"end":{"line":23,"column":67}},"13":{"start":{"line":24,"column":0},"end":{"line":24,"column":24}}},"fnMap":{},"branchMap":{},"s":{"0":3,"1":3,"2":3,"3":3,"4":3,"5":3,"6":3,"7":3,"8":3,"9":3,"10":3,"11":3,"12":3,"13":3},"f":{},"b":{},"_coverageSchema":"1a1c01bbd47fc00a2c39e90264f33305004495a9","hash":"1389fc20ffd8dae38451d889452eb5b6a298e8f0"}
,"/home/erno/Hacktiv8/FInalProjek/final-project-team3-rmt20/server/main/routers/users.js": {"path":"/home/erno/Hacktiv8/FInalProjek/final-project-team3-rmt20/server/main/routers/users.js","statementMap":{"0":{"start":{"line":1,"column":16},"end":{"line":1,"column":34}},"1":{"start":{"line":2,"column":15},"end":{"line":2,"column":31}},"2":{"start":{"line":3,"column":24},"end":{"line":3,"column":65}},"3":{"start":{"line":6,"column":0},"end":{"line":6,"column":54}},"4":{"start":{"line":9,"column":0},"end":{"line":9,"column":48}},"5":{"start":{"line":10,"column":0},"end":{"line":10,"column":23}}},"fnMap":{},"branchMap":{},"s":{"0":3,"1":3,"2":3,"3":3,"4":3,"5":3},"f":{},"b":{},"_coverageSchema":"1a1c01bbd47fc00a2c39e90264f33305004495a9","hash":"999fc9b64b02b48f2a21983c2629f3fbb44113bc"}
}
