TN:
SF:app.js
FNF:0
FNH:0
DA:3,3
DA:5,3
DA:6,3
DA:7,3
DA:8,3
DA:9,3
DA:10,3
DA:11,3
DA:12,3
DA:13,3
DA:15,3
DA:16,3
DA:21,3
LF:13
LH:13
BRF:0
BRH:0
end_of_record
TN:
SF:controllers/authControllers.js
FN:5,(anonymous_0)
FN:22,(anonymous_1)
FNF:2
FNH:2
FNDA:5,(anonymous_0)
FNDA:3,(anonymous_1)
DA:1,3
DA:2,3
DA:3,3
DA:8,5
DA:10,5
DA:11,5
DA:16,1
DA:18,4
DA:23,3
DA:25,3
DA:26,3
DA:31,3
DA:32,1
DA:39,2
DA:40,2
DA:41,1
DA:49,1
DA:55,1
DA:56,1
DA:60,2
DA:65,3
LF:21
LH:21
BRDA:31,0,0,1
BRDA:31,0,1,2
BRDA:40,1,0,1
BRDA:40,1,1,1
BRF:4
BRH:4
end_of_record
TN:
SF:controllers/eqReportControllers.js
FN:4,(anonymous_0)
FN:43,(anonymous_1)
FN:84,(anonymous_2)
FN:102,(anonymous_3)
FNF:4
FNH:4
FNDA:2,(anonymous_0)
FNDA:4,(anonymous_1)
FNDA:2,(anonymous_2)
FNDA:2,(anonymous_3)
DA:1,3
DA:5,2
DA:6,2
DA:8,2
DA:9,2
DA:10,2
DA:11,2
DA:17,2
DA:18,2
DA:19,1
DA:26,1
DA:35,1
DA:36,1
DA:38,1
DA:39,1
DA:44,4
DA:45,4
DA:46,4
DA:49,4
DA:66,3
DA:76,3
DA:78,0
DA:80,4
DA:85,2
DA:86,2
DA:87,2
DA:88,2
DA:89,1
DA:96,1
DA:98,1
DA:103,2
DA:104,2
DA:106,2
DA:107,2
DA:108,1
DA:115,1
DA:121,1
DA:125,1
DA:130,3
LF:39
LH:38
BRDA:18,0,0,1
BRDA:18,0,1,1
BRDA:88,1,0,1
BRDA:88,1,1,1
BRDA:107,2,0,1
BRDA:107,2,1,1
BRF:6
BRH:6
end_of_record
TN:
SF:controllers/eventControllers.js
FN:5,(anonymous_0)
FN:15,(anonymous_1)
FNF:2
FNH:2
FNDA:10,(anonymous_0)
FNDA:4,(anonymous_1)
DA:1,3
DA:2,3
DA:6,10
DA:7,10
DA:8,10
DA:9,10
DA:10,1
DA:12,9
DA:16,4
DA:17,4
DA:18,4
DA:20,4
DA:21,1
DA:27,3
DA:33,3
DA:38,1
DA:43,3
LF:17
LH:17
BRDA:20,0,0,1
BRDA:20,0,1,3
BRF:2
BRH:2
end_of_record
TN:
SF:controllers/weatherReportsControllers.js
FN:4,(anonymous_0)
FN:35,(anonymous_1)
FN:66,(anonymous_2)
FNF:3
FNH:3
FNDA:1,(anonymous_0)
FNDA:2,(anonymous_1)
FNDA:12,(anonymous_2)
DA:1,3
DA:2,3
DA:6,1
DA:7,1
DA:8,1
DA:9,1
DA:11,1
DA:12,1
DA:29,1
DA:31,0
DA:37,2
DA:38,2
DA:39,2
DA:51,2
DA:52,1
DA:60,1
DA:62,1
DA:68,12
DA:69,12
DA:72,12
DA:73,12
DA:89,1
DA:91,11
DA:96,3
LF:24
LH:23
BRDA:51,0,0,1
BRDA:51,0,1,1
BRF:2
BRH:2
end_of_record
TN:
SF:helpers/bcrypt.js
FN:3,hashPassword
FN:7,verifyPassword
FNF:2
FNH:2
FNDA:4,hashPassword
FNDA:2,verifyPassword
DA:1,3
DA:4,4
DA:8,2
DA:11,3
LF:4
LH:4
BRF:0
BRH:0
end_of_record
TN:
SF:helpers/jwt.js
FN:4,signToken
FN:8,verifyToken
FNF:2
FNH:2
FNDA:3,signToken
FNDA:21,verifyToken
DA:1,3
DA:2,3
DA:5,3
DA:9,21
DA:12,3
LF:5
LH:5
BRF:0
BRH:0
end_of_record
TN:
SF:middlewares/authn.js
FN:5,authn
FNF:1
FNH:1
FNDA:23,authn
DA:1,3
DA:3,3
DA:6,23
DA:8,23
DA:9,23
DA:12,2
DA:20,21
DA:21,19
DA:23,19
DA:25,19
DA:26,1
DA:34,18
DA:39,18
DA:49,5
DA:53,3
LF:15
LH:15
BRDA:9,0,0,2
BRDA:9,0,1,21
BRDA:25,1,0,1
BRDA:25,1,1,18
BRF:4
BRH:4
end_of_record
TN:
SF:middlewares/errorHandler.js
FN:1,errorHandler
FN:4,(anonymous_1)
FN:13,(anonymous_2)
FNF:3
FNH:3
FNDA:40,errorHandler
FNDA:26,(anonymous_1)
FNDA:1,(anonymous_2)
DA:2,40
DA:4,26
DA:5,26
DA:6,26
DA:8,2
DA:11,2
DA:13,1
DA:14,1
DA:15,1
DA:17,5
DA:20,5
DA:22,5
DA:25,5
DA:27,1
DA:30,1
DA:34,3
LF:16
LH:16
BRDA:2,0,0,26
BRDA:2,0,1,2
BRDA:2,0,2,1
BRDA:2,0,3,5
BRDA:2,0,4,5
BRDA:2,0,5,1
BRF:6
BRH:6
end_of_record
TN:
SF:models/earthquakeevent.js
FN:3,(anonymous_0)
FN:10,(anonymous_1)
FNF:2
FNH:2
FNDA:3,(anonymous_0)
FNDA:3,(anonymous_1)
DA:2,3
DA:3,3
DA:12,3
DA:17,3
DA:134,3
LF:5
LH:5
BRF:0
BRH:0
end_of_record
TN:
SF:models/earthquakereport.js
FN:3,(anonymous_0)
FN:10,(anonymous_1)
FNF:2
FNH:2
FNDA:3,(anonymous_0)
FNDA:3,(anonymous_1)
DA:2,3
DA:3,3
DA:12,3
DA:15,3
DA:18,3
DA:94,3
LF:6
LH:6
BRF:0
BRH:0
end_of_record
TN:
SF:models/index.js
FN:20,(anonymous_0)
FN:23,(anonymous_1)
FN:28,(anonymous_2)
FNF:3
FNH:3
FNDA:15,(anonymous_0)
FNDA:12,(anonymous_1)
FNDA:12,(anonymous_2)
DA:3,3
DA:4,3
DA:5,3
DA:6,3
DA:7,3
DA:8,3
DA:9,3
DA:12,3
DA:13,0
DA:15,3
DA:18,3
DA:21,15
DA:24,12
DA:25,12
DA:28,3
DA:29,12
DA:30,12
DA:34,3
DA:35,3
DA:37,3
LF:20
LH:19
BRDA:7,0,0,3
BRDA:7,0,1,0
BRDA:12,1,0,0
BRDA:12,1,1,3
BRDA:21,2,0,15
BRDA:21,2,1,15
BRDA:21,2,2,12
BRDA:29,3,0,12
BRDA:29,3,1,0
BRF:9
BRH:6
end_of_record
TN:
SF:models/user.js
FN:4,(anonymous_0)
FN:11,(anonymous_1)
FN:53,(anonymous_2)
FNF:3
FNH:3
FNDA:3,(anonymous_0)
FNDA:3,(anonymous_1)
FNDA:4,(anonymous_2)
DA:2,3
DA:3,3
DA:4,3
DA:13,3
DA:14,3
DA:17,3
DA:54,4
DA:61,3
LF:8
LH:8
BRF:0
BRH:0
end_of_record
TN:
SF:models/weatherreport.js
FN:5,(anonymous_0)
FN:12,(anonymous_1)
FNF:2
FNH:2
FNDA:3,(anonymous_0)
FNDA:3,(anonymous_1)
DA:4,3
DA:5,3
DA:14,3
DA:17,3
DA:167,3
LF:5
LH:5
BRF:0
BRH:0
end_of_record
TN:
SF:routers/events.js
FNF:0
FNH:0
DA:1,3
DA:2,3
DA:4,3
DA:5,3
DA:7,3
LF:5
LH:5
BRF:0
BRH:0
end_of_record
TN:
SF:routers/index.js
FNF:0
FNH:0
DA:1,3
DA:2,3
DA:3,3
DA:4,3
DA:5,3
DA:6,3
DA:8,3
DA:10,3
DA:13,3
DA:15,3
LF:10
LH:10
BRF:0
BRH:0
end_of_record
TN:
SF:routers/reports.js
FNF:0
FNH:0
DA:1,3
DA:2,3
DA:3,3
DA:4,3
DA:5,3
DA:8,3
DA:10,3
DA:11,3
DA:14,3
DA:17,3
DA:20,3
DA:22,3
DA:23,3
DA:24,3
LF:14
LH:14
BRF:0
BRH:0
end_of_record
TN:
SF:routers/users.js
FNF:0
FNH:0
DA:1,3
DA:2,3
DA:3,3
DA:6,3
DA:9,3
DA:10,3
LF:6
LH:6
BRF:0
BRH:0
end_of_record
